<?xml version="1.0" encoding="UTF-8"?>
<testsuite name="XOtest" tests="1" skipped="0" failures="0" errors="0" timestamp="2022-10-27T15:11:43" hostname="LAPTOP-P1T7H8FF" time="0.029">
  <properties/>
  <testcase name="emptyField()" classname="XOtest" time="0.029"/>
  <system-out><![CDATA[]]></system-out>
  <system-err><![CDATA[]]></system-err>
</testsuite>
